Pat Pat Ball/Library/Bee/Android/Prj/Mono2x/Gradle/launcher/build/intermediates/manifest_merge_blame_file/release/manifest-merger-blame-release-report.txt
1<?xml version="1.0" encoding="utf-8"?>
2<manifest xmlns:android="http://schemas.android.com/apk/res/android"
3    package="com.SinekGames.PatPatBall"
4    android:installLocation="preferExternal"
5    android:versionCode="1"
6    android:versionName="1.0.0" >
7
8    <uses-sdk
9        android:minSdkVersion="22"
9-->src\main\AndroidManifest.xml
10        android:targetSdkVersion="30" />
10-->src\main\AndroidManifest.xml
11
12    <supports-screens
12-->src\main\AndroidManifest.xml:3:3-163
13        android:anyDensity="true"
13-->src\main\AndroidManifest.xml:3:135-160
14        android:largeScreens="true"
14-->src\main\AndroidManifest.xml:3:78-105
15        android:normalScreens="true"
15-->src\main\AndroidManifest.xml:3:49-77
16        android:smallScreens="true"
16-->src\main\AndroidManifest.xml:3:21-48
17        android:xlargeScreens="true" />
17-->src\main\AndroidManifest.xml:3:106-134
18
19    <uses-feature android:glEsVersion="0x00030000" />
19-->[:unityLibrary] AndroidManifest.xml:12:5-54
19-->[:unityLibrary] AndroidManifest.xml:12:19-51
20    <uses-feature
20-->[:unityLibrary] AndroidManifest.xml:13:5-15:36
21        android:name="android.hardware.vulkan.version"
21-->[:unityLibrary] AndroidManifest.xml:14:9-55
22        android:required="false" />
22-->[:unityLibrary] AndroidManifest.xml:15:9-33
23
24    <uses-permission android:name="android.permission.INTERNET" />
24-->[:unityLibrary] AndroidManifest.xml:17:5-67
24-->[:unityLibrary] AndroidManifest.xml:17:22-64
25    <uses-permission android:name="android.permission.VIBRATE" />
25-->[:unityLibrary] AndroidManifest.xml:18:5-66
25-->[:unityLibrary] AndroidManifest.xml:18:22-63
26    <uses-permission android:name="android.permission.ACCESS_NETWORK_STATE" />
26-->[:unityLibrary] AndroidManifest.xml:19:5-79
26-->[:unityLibrary] AndroidManifest.xml:19:22-76
27
28    <uses-feature
28-->[:unityLibrary] AndroidManifest.xml:21:5-23:36
29        android:name="android.hardware.touchscreen"
29-->[:unityLibrary] AndroidManifest.xml:22:9-52
30        android:required="false" />
30-->[:unityLibrary] AndroidManifest.xml:23:9-33
31    <uses-feature
31-->[:unityLibrary] AndroidManifest.xml:24:5-26:36
32        android:name="android.hardware.touchscreen.multitouch"
32-->[:unityLibrary] AndroidManifest.xml:25:9-63
33        android:required="false" />
33-->[:unityLibrary] AndroidManifest.xml:26:9-33
34    <uses-feature
34-->[:unityLibrary] AndroidManifest.xml:27:5-29:36
35        android:name="android.hardware.touchscreen.multitouch.distinct"
35-->[:unityLibrary] AndroidManifest.xml:28:9-72
36        android:required="false" />
36-->[:unityLibrary] AndroidManifest.xml:29:9-33
37
38    <uses-permission android:name="android.permission.WAKE_LOCK" />
38-->[:androidx.work.work-runtime-2.7.0:] AndroidManifest.xml:19:3-66
38-->[:androidx.work.work-runtime-2.7.0:] AndroidManifest.xml:19:20-63
39    <uses-permission android:name="android.permission.RECEIVE_BOOT_COMPLETED" />
39-->[:androidx.work.work-runtime-2.7.0:] AndroidManifest.xml:21:3-79
39-->[:androidx.work.work-runtime-2.7.0:] AndroidManifest.xml:21:20-76
40    <uses-permission android:name="android.permission.FOREGROUND_SERVICE" />
40-->[:androidx.work.work-runtime-2.7.0:] AndroidManifest.xml:22:3-75
40-->[:androidx.work.work-runtime-2.7.0:] AndroidManifest.xml:22:20-72
41    <uses-permission android:name="com.android.vending.BILLING" />
41-->[:billing-4.0.0:] AndroidManifest.xml:10:5-67
41-->[:billing-4.0.0:] AndroidManifest.xml:10:22-64
42    <uses-permission android:name="com.google.android.gms.permission.AD_ID" /> <!-- Android package visibility setting -->
42-->[:com.google.android.gms.play-services-measurement-sdk-api-20.1.2:] AndroidManifest.xml:26:5-79
42-->[:com.google.android.gms.play-services-measurement-sdk-api-20.1.2:] AndroidManifest.xml:26:22-76
43    <queries>
43-->[:com.google.android.gms.play-services-ads-lite-21.3.0:] AndroidManifest.xml:24:3-37:13
44
45        <!-- For browser content -->
46        <intent>
46-->[:com.google.android.gms.play-services-ads-lite-21.3.0:] AndroidManifest.xml:26:5-30:14
47            <action android:name="android.intent.action.VIEW" />
47-->[:com.google.android.gms.play-services-ads-lite-21.3.0:] AndroidManifest.xml:27:7-59
47-->[:com.google.android.gms.play-services-ads-lite-21.3.0:] AndroidManifest.xml:27:15-56
48
49            <category android:name="android.intent.category.BROWSABLE" />
49-->[:com.google.android.gms.play-services-ads-lite-21.3.0:] AndroidManifest.xml:28:7-68
49-->[:com.google.android.gms.play-services-ads-lite-21.3.0:] AndroidManifest.xml:28:17-65
50
51            <data android:scheme="https" />
51-->[:com.google.android.gms.play-services-ads-lite-21.3.0:] AndroidManifest.xml:29:7-38
51-->[:com.google.android.gms.play-services-ads-lite-21.3.0:] AndroidManifest.xml:29:13-35
52        </intent>
53        <!-- End of browser content -->
54        <!-- For CustomTabsService -->
55        <intent>
55-->[:com.google.android.gms.play-services-ads-lite-21.3.0:] AndroidManifest.xml:26:5-30:14
56            <action android:name="android.support.customtabs.action.CustomTabsService" />
57        </intent>
58        <!-- End of CustomTabsService -->
59    </queries>
60
61    <application
61-->src\main\AndroidManifest.xml:4:3-83
62        android:appComponentFactory="androidx.core.app.CoreComponentFactory"
62-->[:androidx.core.core-1.6.0:] AndroidManifest.xml:24:18-86
63        android:extractNativeLibs="true"
63-->[:unityLibrary] AndroidManifest.xml:31:18-50
64        android:icon="@mipmap/app_icon"
64-->src\main\AndroidManifest.xml:4:49-80
65        android:label="@string/app_name" >
65-->src\main\AndroidManifest.xml:4:16-48
66        <activity
66-->[:unityLibrary] AndroidManifest.xml:32:9-52:20
67            android:name="com.unity3d.player.UnityPlayerActivity"
67-->[:unityLibrary] AndroidManifest.xml:33:13-66
68            android:configChanges="mcc|mnc|locale|touchscreen|keyboard|keyboardHidden|navigation|orientation|screenLayout|uiMode|screenSize|smallestScreenSize|fontScale|layoutDirection|density"
68-->[:unityLibrary] AndroidManifest.xml:34:13-194
69            android:hardwareAccelerated="false"
69-->[:unityLibrary] AndroidManifest.xml:35:13-48
70            android:launchMode="singleTask"
70-->[:unityLibrary] AndroidManifest.xml:36:13-44
71            android:resizeableActivity="false"
71-->[:unityLibrary] AndroidManifest.xml:37:13-47
72            android:screenOrientation="userPortrait"
72-->[:unityLibrary] AndroidManifest.xml:38:13-53
73            android:theme="@style/UnityThemeSelector" >
73-->[:unityLibrary] AndroidManifest.xml:39:13-54
74            <intent-filter>
74-->[:unityLibrary] AndroidManifest.xml:40:13-44:29
75                <action android:name="android.intent.action.MAIN" />
75-->[:unityLibrary] AndroidManifest.xml:41:17-69
75-->[:unityLibrary] AndroidManifest.xml:41:25-66
76
77                <category android:name="android.intent.category.LAUNCHER" />
77-->[:unityLibrary] AndroidManifest.xml:43:17-77
77-->[:unityLibrary] AndroidManifest.xml:43:27-74
78            </intent-filter>
79
80            <meta-data
80-->[:unityLibrary] AndroidManifest.xml:46:13-48:40
81                android:name="unityplayer.UnityActivity"
81-->[:unityLibrary] AndroidManifest.xml:47:17-57
82                android:value="true" />
82-->[:unityLibrary] AndroidManifest.xml:48:17-37
83            <meta-data
83-->[:unityLibrary] AndroidManifest.xml:49:13-51:40
84                android:name="android.notch_support"
84-->[:unityLibrary] AndroidManifest.xml:50:17-53
85                android:value="true" />
85-->[:unityLibrary] AndroidManifest.xml:51:17-37
86        </activity>
87
88        <meta-data
88-->[:unityLibrary] AndroidManifest.xml:54:9-56:33
89            android:name="unity.splash-mode"
89-->[:unityLibrary] AndroidManifest.xml:55:13-45
90            android:value="0" />
90-->[:unityLibrary] AndroidManifest.xml:56:13-30
91        <meta-data
91-->[:unityLibrary] AndroidManifest.xml:57:9-59:36
92            android:name="unity.splash-enable"
92-->[:unityLibrary] AndroidManifest.xml:58:13-47
93            android:value="True" />
93-->[:unityLibrary] AndroidManifest.xml:59:13-33
94        <meta-data
94-->[:unityLibrary] AndroidManifest.xml:60:9-62:36
95            android:name="unity.launch-fullscreen"
95-->[:unityLibrary] AndroidManifest.xml:61:13-51
96            android:value="True" />
96-->[:unityLibrary] AndroidManifest.xml:62:13-33
97        <meta-data
97-->[:unityLibrary] AndroidManifest.xml:63:9-65:37
98            android:name="unity.allow-resizable-window"
98-->[:unityLibrary] AndroidManifest.xml:64:13-56
99            android:value="False" />
99-->[:unityLibrary] AndroidManifest.xml:65:13-34
100        <meta-data
100-->[:unityLibrary] AndroidManifest.xml:66:9-68:50
101            android:name="notch.config"
101-->[:unityLibrary] AndroidManifest.xml:67:13-40
102            android:value="portrait|landscape" />
102-->[:unityLibrary] AndroidManifest.xml:68:13-47
103
104        <receiver
104-->[:unityLibrary] AndroidManifest.xml:70:9-72:40
105            android:name="com.unity.androidnotifications.UnityNotificationManager"
105-->[:unityLibrary] AndroidManifest.xml:71:13-83
106            android:exported="false" />
106-->[:unityLibrary] AndroidManifest.xml:72:13-37
107        <receiver
107-->[:unityLibrary] AndroidManifest.xml:73:9-80:20
108            android:name="com.unity.androidnotifications.UnityNotificationRestartOnBootReceiver"
108-->[:unityLibrary] AndroidManifest.xml:74:13-97
109            android:enabled="false"
109-->[:unityLibrary] AndroidManifest.xml:75:13-36
110            android:exported="false" >
110-->[:unityLibrary] AndroidManifest.xml:76:13-37
111            <intent-filter>
111-->[:unityLibrary] AndroidManifest.xml:77:13-79:29
112                <action android:name="android.intent.action.BOOT_COMPLETED" />
112-->[:unityLibrary] AndroidManifest.xml:78:17-79
112-->[:unityLibrary] AndroidManifest.xml:78:25-76
113            </intent-filter>
114        </receiver>
115
116        <provider
116-->[:androidx.work.work-runtime-2.7.0:] AndroidManifest.xml:24:5-26:16
117            android:name="androidx.startup.InitializationProvider"
117-->[:androidx.work.work-runtime-2.7.0:] AndroidManifest.xml:24:15-69
118            android:authorities="com.SinekGames.PatPatBall.androidx-startup"
118-->[:androidx.work.work-runtime-2.7.0:] AndroidManifest.xml:24:70-134
119            android:exported="false" >
119-->[:androidx.work.work-runtime-2.7.0:] AndroidManifest.xml:24:135-159
120            <meta-data
120-->[:androidx.work.work-runtime-2.7.0:] AndroidManifest.xml:25:7-105
121                android:name="androidx.work.WorkManagerInitializer"
121-->[:androidx.work.work-runtime-2.7.0:] AndroidManifest.xml:25:18-69
122                android:value="androidx.startup" />
122-->[:androidx.work.work-runtime-2.7.0:] AndroidManifest.xml:25:70-102
123            <meta-data
123-->[:androidx.lifecycle.lifecycle-process-2.4.1:] AndroidManifest.xml:21:7-115
124                android:name="androidx.lifecycle.ProcessLifecycleInitializer"
124-->[:androidx.lifecycle.lifecycle-process-2.4.1:] AndroidManifest.xml:21:18-79
125                android:value="androidx.startup" />
125-->[:androidx.lifecycle.lifecycle-process-2.4.1:] AndroidManifest.xml:21:80-112
126        </provider>
127
128        <service
128-->[:androidx.work.work-runtime-2.7.0:] AndroidManifest.xml:27:5-229
129            android:name="androidx.work.impl.background.systemalarm.SystemAlarmService"
129-->[:androidx.work.work-runtime-2.7.0:] AndroidManifest.xml:27:14-89
130            android:directBootAware="false"
130-->[:androidx.work.work-runtime-2.7.0:] AndroidManifest.xml:27:90-121
131            android:enabled="@bool/enable_system_alarm_service_default"
131-->[:androidx.work.work-runtime-2.7.0:] AndroidManifest.xml:27:122-181
132            android:exported="false" />
132-->[:androidx.work.work-runtime-2.7.0:] AndroidManifest.xml:27:182-206
133        <service
133-->[:androidx.work.work-runtime-2.7.0:] AndroidManifest.xml:28:5-279
134            android:name="androidx.work.impl.background.systemjob.SystemJobService"
134-->[:androidx.work.work-runtime-2.7.0:] AndroidManifest.xml:28:14-85
135            android:directBootAware="false"
135-->[:androidx.work.work-runtime-2.7.0:] AndroidManifest.xml:28:86-117
136            android:enabled="@bool/enable_system_job_service_default"
136-->[:androidx.work.work-runtime-2.7.0:] AndroidManifest.xml:28:118-175
137            android:exported="true"
137-->[:androidx.work.work-runtime-2.7.0:] AndroidManifest.xml:28:176-199
138            android:permission="android.permission.BIND_JOB_SERVICE" />
138-->[:androidx.work.work-runtime-2.7.0:] AndroidManifest.xml:28:200-256
139        <service
139-->[:androidx.work.work-runtime-2.7.0:] AndroidManifest.xml:29:5-227
140            android:name="androidx.work.impl.foreground.SystemForegroundService"
140-->[:androidx.work.work-runtime-2.7.0:] AndroidManifest.xml:29:14-82
141            android:directBootAware="false"
141-->[:androidx.work.work-runtime-2.7.0:] AndroidManifest.xml:29:83-114
142            android:enabled="@bool/enable_system_foreground_service_default"
142-->[:androidx.work.work-runtime-2.7.0:] AndroidManifest.xml:29:115-179
143            android:exported="false" />
143-->[:androidx.work.work-runtime-2.7.0:] AndroidManifest.xml:29:180-204
144
145        <receiver
145-->[:androidx.work.work-runtime-2.7.0:] AndroidManifest.xml:30:5-193
146            android:name="androidx.work.impl.utils.ForceStopRunnable$BroadcastReceiver"
146-->[:androidx.work.work-runtime-2.7.0:] AndroidManifest.xml:30:15-90
147            android:directBootAware="false"
147-->[:androidx.work.work-runtime-2.7.0:] AndroidManifest.xml:30:91-122
148            android:enabled="true"
148-->[:androidx.work.work-runtime-2.7.0:] AndroidManifest.xml:30:123-145
149            android:exported="false" />
149-->[:androidx.work.work-runtime-2.7.0:] AndroidManifest.xml:30:146-170
150        <receiver
150-->[:androidx.work.work-runtime-2.7.0:] AndroidManifest.xml:31:5-36:16
151            android:name="androidx.work.impl.background.systemalarm.ConstraintProxy$BatteryChargingProxy"
151-->[:androidx.work.work-runtime-2.7.0:] AndroidManifest.xml:31:15-108
152            android:directBootAware="false"
152-->[:androidx.work.work-runtime-2.7.0:] AndroidManifest.xml:31:109-140
153            android:enabled="false"
153-->[:androidx.work.work-runtime-2.7.0:] AndroidManifest.xml:31:141-164
154            android:exported="false" >
154-->[:androidx.work.work-runtime-2.7.0:] AndroidManifest.xml:31:165-189
155            <intent-filter>
155-->[:androidx.work.work-runtime-2.7.0:] AndroidManifest.xml:32:7-35:23
156                <action android:name="android.intent.action.ACTION_POWER_CONNECTED" />
156-->[:androidx.work.work-runtime-2.7.0:] AndroidManifest.xml:33:9-79
156-->[:androidx.work.work-runtime-2.7.0:] AndroidManifest.xml:33:17-76
157                <action android:name="android.intent.action.ACTION_POWER_DISCONNECTED" />
157-->[:androidx.work.work-runtime-2.7.0:] AndroidManifest.xml:34:9-82
157-->[:androidx.work.work-runtime-2.7.0:] AndroidManifest.xml:34:17-79
158            </intent-filter>
159        </receiver>
160        <receiver
160-->[:androidx.work.work-runtime-2.7.0:] AndroidManifest.xml:37:5-42:16
161            android:name="androidx.work.impl.background.systemalarm.ConstraintProxy$BatteryNotLowProxy"
161-->[:androidx.work.work-runtime-2.7.0:] AndroidManifest.xml:37:15-106
162            android:directBootAware="false"
162-->[:androidx.work.work-runtime-2.7.0:] AndroidManifest.xml:37:107-138
163            android:enabled="false"
163-->[:androidx.work.work-runtime-2.7.0:] AndroidManifest.xml:37:139-162
164            android:exported="false" >
164-->[:androidx.work.work-runtime-2.7.0:] AndroidManifest.xml:37:163-187
165            <intent-filter>
165-->[:androidx.work.work-runtime-2.7.0:] AndroidManifest.xml:38:7-41:23
166                <action android:name="android.intent.action.BATTERY_OKAY" />
166-->[:androidx.work.work-runtime-2.7.0:] AndroidManifest.xml:39:9-69
166-->[:androidx.work.work-runtime-2.7.0:] AndroidManifest.xml:39:17-66
167                <action android:name="android.intent.action.BATTERY_LOW" />
167-->[:androidx.work.work-runtime-2.7.0:] AndroidManifest.xml:40:9-68
167-->[:androidx.work.work-runtime-2.7.0:] AndroidManifest.xml:40:17-65
168            </intent-filter>
169        </receiver>
170        <receiver
170-->[:androidx.work.work-runtime-2.7.0:] AndroidManifest.xml:43:5-48:16
171            android:name="androidx.work.impl.background.systemalarm.ConstraintProxy$StorageNotLowProxy"
171-->[:androidx.work.work-runtime-2.7.0:] AndroidManifest.xml:43:15-106
172            android:directBootAware="false"
172-->[:androidx.work.work-runtime-2.7.0:] AndroidManifest.xml:43:107-138
173            android:enabled="false"
173-->[:androidx.work.work-runtime-2.7.0:] AndroidManifest.xml:43:139-162
174            android:exported="false" >
174-->[:androidx.work.work-runtime-2.7.0:] AndroidManifest.xml:43:163-187
175            <intent-filter>
175-->[:androidx.work.work-runtime-2.7.0:] AndroidManifest.xml:44:7-47:23
176                <action android:name="android.intent.action.DEVICE_STORAGE_LOW" />
176-->[:androidx.work.work-runtime-2.7.0:] AndroidManifest.xml:45:9-75
176-->[:androidx.work.work-runtime-2.7.0:] AndroidManifest.xml:45:17-72
177                <action android:name="android.intent.action.DEVICE_STORAGE_OK" />
177-->[:androidx.work.work-runtime-2.7.0:] AndroidManifest.xml:46:9-74
177-->[:androidx.work.work-runtime-2.7.0:] AndroidManifest.xml:46:17-71
178            </intent-filter>
179        </receiver>
180        <receiver
180-->[:androidx.work.work-runtime-2.7.0:] AndroidManifest.xml:49:5-53:16
181            android:name="androidx.work.impl.background.systemalarm.ConstraintProxy$NetworkStateProxy"
181-->[:androidx.work.work-runtime-2.7.0:] AndroidManifest.xml:49:15-105
182            android:directBootAware="false"
182-->[:androidx.work.work-runtime-2.7.0:] AndroidManifest.xml:49:106-137
183            android:enabled="false"
183-->[:androidx.work.work-runtime-2.7.0:] AndroidManifest.xml:49:138-161
184            android:exported="false" >
184-->[:androidx.work.work-runtime-2.7.0:] AndroidManifest.xml:49:162-186
185            <intent-filter>
185-->[:androidx.work.work-runtime-2.7.0:] AndroidManifest.xml:50:7-52:23
186                <action android:name="android.net.conn.CONNECTIVITY_CHANGE" />
186-->[:androidx.work.work-runtime-2.7.0:] AndroidManifest.xml:51:9-71
186-->[:androidx.work.work-runtime-2.7.0:] AndroidManifest.xml:51:17-68
187            </intent-filter>
188        </receiver>
189        <receiver
189-->[:androidx.work.work-runtime-2.7.0:] AndroidManifest.xml:54:5-60:16
190            android:name="androidx.work.impl.background.systemalarm.RescheduleReceiver"
190-->[:androidx.work.work-runtime-2.7.0:] AndroidManifest.xml:54:15-90
191            android:directBootAware="false"
191-->[:androidx.work.work-runtime-2.7.0:] AndroidManifest.xml:54:91-122
192            android:enabled="false"
192-->[:androidx.work.work-runtime-2.7.0:] AndroidManifest.xml:54:123-146
193            android:exported="false" >
193-->[:androidx.work.work-runtime-2.7.0:] AndroidManifest.xml:54:147-171
194            <intent-filter>
194-->[:androidx.work.work-runtime-2.7.0:] AndroidManifest.xml:55:7-59:23
195                <action android:name="android.intent.action.BOOT_COMPLETED" />
195-->[:unityLibrary] AndroidManifest.xml:78:17-79
195-->[:unityLibrary] AndroidManifest.xml:78:25-76
196                <action android:name="android.intent.action.TIME_SET" />
196-->[:androidx.work.work-runtime-2.7.0:] AndroidManifest.xml:57:9-65
196-->[:androidx.work.work-runtime-2.7.0:] AndroidManifest.xml:57:17-62
197                <action android:name="android.intent.action.TIMEZONE_CHANGED" />
197-->[:androidx.work.work-runtime-2.7.0:] AndroidManifest.xml:58:9-73
197-->[:androidx.work.work-runtime-2.7.0:] AndroidManifest.xml:58:17-70
198            </intent-filter>
199        </receiver>
200        <receiver
200-->[:androidx.work.work-runtime-2.7.0:] AndroidManifest.xml:61:5-65:16
201            android:name="androidx.work.impl.background.systemalarm.ConstraintProxyUpdateReceiver"
201-->[:androidx.work.work-runtime-2.7.0:] AndroidManifest.xml:61:15-101
202            android:directBootAware="false"
202-->[:androidx.work.work-runtime-2.7.0:] AndroidManifest.xml:61:102-133
203            android:enabled="@bool/enable_system_alarm_service_default"
203-->[:androidx.work.work-runtime-2.7.0:] AndroidManifest.xml:61:134-193
204            android:exported="false" >
204-->[:androidx.work.work-runtime-2.7.0:] AndroidManifest.xml:61:194-218
205            <intent-filter>
205-->[:androidx.work.work-runtime-2.7.0:] AndroidManifest.xml:62:7-64:23
206                <action android:name="androidx.work.impl.background.systemalarm.UpdateProxies" />
206-->[:androidx.work.work-runtime-2.7.0:] AndroidManifest.xml:63:9-90
206-->[:androidx.work.work-runtime-2.7.0:] AndroidManifest.xml:63:17-87
207            </intent-filter>
208        </receiver>
209        <receiver
209-->[:androidx.work.work-runtime-2.7.0:] AndroidManifest.xml:66:5-70:16
210            android:name="androidx.work.impl.diagnostics.DiagnosticsReceiver"
210-->[:androidx.work.work-runtime-2.7.0:] AndroidManifest.xml:66:15-80
211            android:directBootAware="false"
211-->[:androidx.work.work-runtime-2.7.0:] AndroidManifest.xml:66:81-112
212            android:enabled="true"
212-->[:androidx.work.work-runtime-2.7.0:] AndroidManifest.xml:66:113-135
213            android:exported="true"
213-->[:androidx.work.work-runtime-2.7.0:] AndroidManifest.xml:66:136-159
214            android:permission="android.permission.DUMP" >
214-->[:androidx.work.work-runtime-2.7.0:] AndroidManifest.xml:66:160-204
215            <intent-filter>
215-->[:androidx.work.work-runtime-2.7.0:] AndroidManifest.xml:67:7-69:23
216                <action android:name="androidx.work.diagnostics.REQUEST_DIAGNOSTICS" />
216-->[:androidx.work.work-runtime-2.7.0:] AndroidManifest.xml:68:9-80
216-->[:androidx.work.work-runtime-2.7.0:] AndroidManifest.xml:68:17-77
217            </intent-filter>
218        </receiver>
219
220        <meta-data
220-->[:billing-4.0.0:] AndroidManifest.xml:13:9-15:37
221            android:name="com.google.android.play.billingclient.version"
221-->[:billing-4.0.0:] AndroidManifest.xml:14:13-73
222            android:value="4.0.0" />
222-->[:billing-4.0.0:] AndroidManifest.xml:15:13-34
223
224        <activity
224-->[:billing-4.0.0:] AndroidManifest.xml:17:9-21:75
225            android:name="com.android.billingclient.api.ProxyBillingActivity"
225-->[:billing-4.0.0:] AndroidManifest.xml:18:13-78
226            android:configChanges="keyboard|keyboardHidden|screenLayout|screenSize|orientation"
226-->[:billing-4.0.0:] AndroidManifest.xml:19:13-96
227            android:exported="false"
227-->[:billing-4.0.0:] AndroidManifest.xml:20:13-37
228            android:theme="@android:style/Theme.Translucent.NoTitleBar" />
228-->[:billing-4.0.0:] AndroidManifest.xml:21:13-72
229
230        <service
230-->[:androidx.room.room-runtime-2.2.5:] AndroidManifest.xml:25:9-28:40
231            android:name="androidx.room.MultiInstanceInvalidationService"
231-->[:androidx.room.room-runtime-2.2.5:] AndroidManifest.xml:26:13-74
232            android:directBootAware="true"
232-->[:androidx.room.room-runtime-2.2.5:] AndroidManifest.xml:27:13-43
233            android:exported="false" />
233-->[:androidx.room.room-runtime-2.2.5:] AndroidManifest.xml:28:13-37
234
235        <meta-data
235-->[:com.google.android.gms.play-services-basement-18.0.0:] AndroidManifest.xml:21:9-23:69
236            android:name="com.google.android.gms.version"
236-->[:com.google.android.gms.play-services-basement-18.0.0:] AndroidManifest.xml:22:13-58
237            android:value="@integer/google_play_services_version" /> <!-- Include the AdActivity and InAppPurchaseActivity configChanges and themes. -->
237-->[:com.google.android.gms.play-services-basement-18.0.0:] AndroidManifest.xml:23:13-66
238        <activity
238-->[:com.google.android.gms.play-services-ads-lite-21.3.0:] AndroidManifest.xml:40:5-254
239            android:name="com.google.android.gms.ads.AdActivity"
239-->[:com.google.android.gms.play-services-ads-lite-21.3.0:] AndroidManifest.xml:40:15-67
240            android:configChanges="keyboard|keyboardHidden|orientation|screenLayout|uiMode|screenSize|smallestScreenSize"
240-->[:com.google.android.gms.play-services-ads-lite-21.3.0:] AndroidManifest.xml:40:68-177
241            android:exported="false"
241-->[:com.google.android.gms.play-services-ads-lite-21.3.0:] AndroidManifest.xml:40:178-202
242            android:theme="@android:style/Theme.Translucent" />
242-->[:com.google.android.gms.play-services-ads-lite-21.3.0:] AndroidManifest.xml:40:203-251
243
244        <provider
244-->[:com.google.android.gms.play-services-ads-lite-21.3.0:] AndroidManifest.xml:41:5-200
245            android:name="com.google.android.gms.ads.MobileAdsInitProvider"
245-->[:com.google.android.gms.play-services-ads-lite-21.3.0:] AndroidManifest.xml:41:15-78
246            android:authorities="com.SinekGames.PatPatBall.mobileadsinitprovider"
246-->[:com.google.android.gms.play-services-ads-lite-21.3.0:] AndroidManifest.xml:41:79-148
247            android:exported="false"
247-->[:com.google.android.gms.play-services-ads-lite-21.3.0:] AndroidManifest.xml:41:149-173
248            android:initOrder="100" />
248-->[:com.google.android.gms.play-services-ads-lite-21.3.0:] AndroidManifest.xml:41:174-197
249
250        <service
250-->[:com.google.android.gms.play-services-ads-lite-21.3.0:] AndroidManifest.xml:42:5-116
251            android:name="com.google.android.gms.ads.AdService"
251-->[:com.google.android.gms.play-services-ads-lite-21.3.0:] AndroidManifest.xml:42:14-65
252            android:enabled="true"
252-->[:com.google.android.gms.play-services-ads-lite-21.3.0:] AndroidManifest.xml:42:66-88
253            android:exported="false" />
253-->[:com.google.android.gms.play-services-ads-lite-21.3.0:] AndroidManifest.xml:42:89-113
254
255        <activity
255-->[:com.google.android.gms.play-services-base-18.0.0:] AndroidManifest.xml:20:9-22:45
256            android:name="com.google.android.gms.common.api.GoogleApiActivity"
256-->[:com.google.android.gms.play-services-base-18.0.0:] AndroidManifest.xml:20:19-85
257            android:exported="false"
257-->[:com.google.android.gms.play-services-base-18.0.0:] AndroidManifest.xml:22:19-43
258            android:theme="@android:style/Theme.Translucent.NoTitleBar" />
258-->[:com.google.android.gms.play-services-base-18.0.0:] AndroidManifest.xml:21:19-78
259
260        <uses-library
260-->[:unityLibrary:GoogleMobileAdsPlugin.androidlib] AndroidManifest.xml:12:9-14:40
261            android:name="org.apache.http.legacy"
261-->[:unityLibrary:GoogleMobileAdsPlugin.androidlib] AndroidManifest.xml:13:13-50
262            android:required="false" />
262-->[:unityLibrary:GoogleMobileAdsPlugin.androidlib] AndroidManifest.xml:14:13-37
263
264        <meta-data
264-->[:unityLibrary:GoogleMobileAdsPlugin.androidlib] AndroidManifest.xml:16:9-18:70
265            android:name="com.google.android.gms.ads.APPLICATION_ID"
265-->[:unityLibrary:GoogleMobileAdsPlugin.androidlib] AndroidManifest.xml:17:13-69
266            android:value="ca-app-pub-3940256099942544~3347511713" />
266-->[:unityLibrary:GoogleMobileAdsPlugin.androidlib] AndroidManifest.xml:18:13-67
267    </application>
268
269</manifest>